<?xml version="1.0" encoding="UTF-8"?>
<testng-results ignored="0" total="3" passed="3" failed="0" skipped="0">
  <reporter-output>
  </reporter-output>
  <suite started-at="2020-08-07T05:51:46 PDT" name="Suite" finished-at="2020-08-07T05:52:47 PDT" duration-ms="60772">
    <groups>
    </groups>
    <test started-at="2020-08-07T05:51:46 PDT" name="Test" finished-at="2020-08-07T05:52:47 PDT" duration-ms="60772">
      <class name="test.LoginTest">
        <test-method is-config="true" signature="upurl()[pri:0, instance:test.LoginTest@184cf7cf]" started-at="2020-08-07T05:51:34 PDT" name="upurl" finished-at="2020-08-07T05:51:46 PDT" duration-ms="12516" status="PASS">
          <reporter-output>
          </reporter-output>
        </test-method> <!-- upurl -->
        <test-method signature="login()[pri:0, instance:test.LoginTest@184cf7cf]" started-at="2020-08-07T05:51:46 PDT" name="login" finished-at="2020-08-07T05:51:56 PDT" duration-ms="9879" status="PASS">
          <reporter-output>
          </reporter-output>
        </test-method> <!-- login -->
        <test-method signature="clientPageTest()[pri:1, instance:test.LoginTest@184cf7cf]" started-at="2020-08-07T05:51:56 PDT" name="clientPageTest" finished-at="2020-08-07T05:52:23 PDT" duration-ms="27352" status="PASS">
          <reporter-output>
          </reporter-output>
        </test-method> <!-- clientPageTest -->
        <test-method signature="createClientTest()[pri:2, instance:test.LoginTest@184cf7cf]" started-at="2020-08-07T05:52:24 PDT" name="createClientTest" finished-at="2020-08-07T05:52:47 PDT" duration-ms="23362" status="PASS">
          <reporter-output>
          </reporter-output>
        </test-method> <!-- createClientTest -->
        <test-method is-config="true" signature="exit()[pri:0, instance:test.LoginTest@184cf7cf]" started-at="2020-08-07T05:52:47 PDT" name="exit" finished-at="2020-08-07T05:52:47 PDT" duration-ms="1" status="PASS">
          <reporter-output>
          </reporter-output>
        </test-method> <!-- exit -->
      </class> <!-- test.LoginTest -->
    </test> <!-- Test -->
  </suite> <!-- Suite -->
</testng-results>
